[debug] [2026-06-13T04:11:48.437Z] ----------------------------------------------------------------------
[debug] [2026-06-13T04:11:48.438Z] Command:       C:\nvm4w\nodejs\node.exe C:\nvm4w\nodejs\node_modules\firebase-tools\lib\bin\firebase.js deploy --only hosting
[debug] [2026-06-13T04:11:48.439Z] CLI Version:   15.19.0
[debug] [2026-06-13T04:11:48.439Z] Platform:      win32
[debug] [2026-06-13T04:11:48.439Z] Node Version:  v20.19.6
[debug] [2026-06-13T04:11:48.439Z] Time:          Sat Jun 13 2026 14:11:48 GMT+1000 (Владивосток, стандартное время)
[debug] [2026-06-13T04:11:48.439Z] ----------------------------------------------------------------------
[debug] 
[debug] [2026-06-13T04:11:49.939Z] Object "" in "firebase.json" has unknown property: {"additionalProperty":"flutter"}
[debug] [2026-06-13T04:11:49.943Z] > command requires scopes: ["email","openid","https://www.googleapis.com/auth/cloudplatformprojects.readonly","https://www.googleapis.com/auth/firebase","https://www.googleapis.com/auth/cloud-platform"]
[debug] [2026-06-13T04:11:49.943Z] > authorizing via signed-in user (nckeloh44@gmail.com)
[debug] [2026-06-13T04:11:49.944Z] [iam] checking project ume-messenger-bd3b1 for permissions ["firebase.projects.get","firebasehosting.sites.update"]
[debug] [2026-06-13T04:11:49.945Z] Checked if tokens are valid: true, expires at: 1781326060588
[debug] [2026-06-13T04:11:49.945Z] Checked if tokens are valid: true, expires at: 1781326060588
[debug] [2026-06-13T04:11:49.946Z] >>> [apiv2][query] POST https://cloudresourcemanager.googleapis.com/v1/projects/ume-messenger-bd3b1:testIamPermissions [none]
[debug] [2026-06-13T04:11:49.946Z] >>> [apiv2][(partial)header] POST https://cloudresourcemanager.googleapis.com/v1/projects/ume-messenger-bd3b1:testIamPermissions  x-goog-user-project=ume-messenger-bd3b1
[debug] [2026-06-13T04:11:49.946Z] >>> [apiv2][body] POST https://cloudresourcemanager.googleapis.com/v1/projects/ume-messenger-bd3b1:testIamPermissions {"permissions":["firebase.projects.get","firebasehosting.sites.update"]}
[debug] [2026-06-13T04:11:51.122Z] <<< [apiv2][status] POST https://cloudresourcemanager.googleapis.com/v1/projects/ume-messenger-bd3b1:testIamPermissions 200
[debug] [2026-06-13T04:11:51.123Z] <<< [apiv2][body] POST https://cloudresourcemanager.googleapis.com/v1/projects/ume-messenger-bd3b1:testIamPermissions {"permissions":["firebase.projects.get","firebasehosting.sites.update"]}
[debug] [2026-06-13T04:11:51.123Z] Checked if tokens are valid: true, expires at: 1781326060588
[debug] [2026-06-13T04:11:51.123Z] Checked if tokens are valid: true, expires at: 1781326060588
[debug] [2026-06-13T04:11:51.123Z] >>> [apiv2][query] GET https://firebase.googleapis.com/v1beta1/projects/ume-messenger-bd3b1 [none]
[debug] [2026-06-13T04:11:51.676Z] <<< [apiv2][status] GET https://firebase.googleapis.com/v1beta1/projects/ume-messenger-bd3b1 200
[debug] [2026-06-13T04:11:51.676Z] <<< [apiv2][body] GET https://firebase.googleapis.com/v1beta1/projects/ume-messenger-bd3b1 {"projectId":"ume-messenger-bd3b1","projectNumber":"62135047180","displayName":"Ume Messenger","name":"projects/ume-messenger-bd3b1","resources":{"hostingSite":"ume-messenger-bd3b1"},"state":"ACTIVE","etag":"1_f0a92f36-3f27-4ac4-a9bb-3bf32495eefa"}
[info] 
[info] === Deploying to 'ume-messenger-bd3b1'...
[info] 
[info] i  deploying hosting 
[debug] [2026-06-13T04:11:51.679Z] Checked if tokens are valid: true, expires at: 1781326060588
[debug] [2026-06-13T04:11:51.680Z] Checked if tokens are valid: true, expires at: 1781326060588
[debug] [2026-06-13T04:11:51.680Z] >>> [apiv2][query] GET https://firebasehosting.googleapis.com/v1beta1/projects/ume-messenger-bd3b1/sites/ume-messenger-bd3b1 [none]
[debug] [2026-06-13T04:11:52.772Z] <<< [apiv2][status] GET https://firebasehosting.googleapis.com/v1beta1/projects/ume-messenger-bd3b1/sites/ume-messenger-bd3b1 200
[debug] [2026-06-13T04:11:52.772Z] <<< [apiv2][body] GET https://firebasehosting.googleapis.com/v1beta1/projects/ume-messenger-bd3b1/sites/ume-messenger-bd3b1 {"name":"projects/ume-messenger-bd3b1/sites/ume-messenger-bd3b1","defaultUrl":"https://ume-messenger-bd3b1.web.app","type":"DEFAULT_SITE"}
[debug] [2026-06-13T04:11:52.774Z] Checked if tokens are valid: true, expires at: 1781326060588
[debug] [2026-06-13T04:11:52.774Z] Checked if tokens are valid: true, expires at: 1781326060588
[debug] [2026-06-13T04:11:52.774Z] >>> [apiv2][query] POST https://firebasehosting.googleapis.com/v1beta1/projects/-/sites/ume-messenger-bd3b1/versions [none]
[debug] [2026-06-13T04:11:52.774Z] >>> [apiv2][body] POST https://firebasehosting.googleapis.com/v1beta1/projects/-/sites/ume-messenger-bd3b1/versions {"status":"CREATED","labels":{"deployment-tool":"cli-firebase"}}
